date="2020-10-28T14:53:20+08:00" level=info message="Init log success"
date="2020-10-28T14:53:20+08:00" level=info message="Init DI success"
date="2020-10-28T14:53:20+08:00" level=info message="Init grpc server success"
date="2020-10-28T14:53:20+08:00" level=info message="grpc Server is serving..."
date="2020-10-28T14:53:20+08:00" level=fatal message="Failed to register service. err:[Put \"http://127.0.0.1:8500/v1/agent/service/register\": dial tcp 127.0.0.1:8500: connect: connection refused]"
date="2020-10-28T14:54:46+08:00" level=info message="Init log success"
date="2020-10-28T14:54:46+08:00" level=info message="Init DI success"
date="2020-10-28T14:54:46+08:00" level=info message="Init grpc server success"
date="2020-10-28T14:54:46+08:00" level=info message="grpc Server is serving..."
date="2020-10-28T14:54:46+08:00" level=fatal message="Failed to register service. err:[Put \"http://127.0.0.1:8500/v1/agent/service/register\": dial tcp 127.0.0.1:8500: connect: connection refused]"
date="2020-10-28T14:59:56+08:00" level=info message="Init log success"
date="2020-10-28T14:59:56+08:00" level=info message="Init DI success"
date="2020-10-28T14:59:56+08:00" level=info message="Init grpc server success"
date="2020-10-28T14:59:56+08:00" level=info message="grpc Server is serving..."
date="2020-10-28T15:15:25+08:00" level=info message="capture a signal. signal:[interrupt]"
date="2020-10-28T15:15:35+08:00" level=info message="Init log success"
date="2020-10-28T15:15:35+08:00" level=info message="Init DI success"
date="2020-10-28T15:15:35+08:00" level=info message="Init grpc server success"
date="2020-10-28T15:15:35+08:00" level=info message="grpc Server is serving..."
date="2020-10-28T15:18:10+08:00" level=info message="capture a signal. signal:[interrupt]"
date="2020-10-28T15:18:25+08:00" level=info message="Init log success"
date="2020-10-28T15:18:25+08:00" level=info message="Init DI success"
date="2020-10-28T15:18:25+08:00" level=info message="Init grpc server success"
date="2020-10-28T15:18:25+08:00" level=info message="grpc Server is serving..."
date="2020-10-28T15:25:27+08:00" level=info message="capture a signal. signal:[interrupt]"
date="2020-10-28T15:25:38+08:00" level=info message="Init log success"
date="2020-10-28T15:25:38+08:00" level=info message="Init DI success"
date="2020-10-28T15:25:38+08:00" level=info message="Init grpc server success"
date="2020-10-28T15:25:38+08:00" level=info message="grpc Server is serving..."
date="2020-10-28T15:25:45+08:00" level=debug message=Hello
date="2020-10-28T16:31:44+08:00" level=info message="capture a signal. signal:[interrupt]"
date="2020-10-28T16:32:30+08:00" level=info message="Init log success"
date="2020-10-28T16:32:30+08:00" level=info message="Init DI success"
date="2020-10-28T16:32:30+08:00" level=info message="Init grpc server success"
date="2020-10-28T16:32:30+08:00" level=info message="grpc Server is serving..."
